<?xml version="1.0" encoding="UTF-8"?>
<!-- Generated by org.testng.reporters.JUnitXMLReporter -->
<testsuite ignored="0" hostname="DESKTOP-PQ3SD9G" failures="0" tests="5" name="Default test" time="0.225" errors="0" timestamp="2023-03-14T18:35:51 IST">
  <testcase classname="com.amazon.orgname.genericutilities.BaseClass" name="@BeforeMethod beforeConfiguration" time="-1.678799150941E9">
    <failure type="org.testng.TestNGException" message="
Parameter &amp;apos;browserName&amp;apos; is required by BeforeMethod on method beforeConfiguration but has not been marked @Optional or defined
in C:\Users\MOON\AppData\Local\Temp\testng-eclipse--1129096717\testng-customsuite.xml">
      <![CDATA[org.testng.TestNGException: 
Parameter 'browserName' is required by BeforeMethod on method beforeConfiguration but has not been marked @Optional or defined
in C:\Users\MOON\AppData\Local\Temp\testng-eclipse--1129096717\testng-customsuite.xml
at org.testng.internal.Parameters.createParams(Parameters.java:267)
at org.testng.internal.Parameters.createParametersForMethod(Parameters.java:355)
at org.testng.internal.Parameters.createParameters(Parameters.java:684)
at org.testng.internal.Parameters.createConfigurationParameters(Parameters.java:166)
at org.testng.internal.invokers.ConfigInvoker.invokeConfigurations(ConfigInvoker.java:277)
at org.testng.internal.invokers.TestInvoker.runConfigMethods(TestInvoker.java:823)
at org.testng.internal.invokers.TestInvoker.invokeMethod(TestInvoker.java:590)
at org.testng.internal.invokers.TestInvoker.invokeTestMethod(TestInvoker.java:221)
at org.testng.internal.invokers.MethodRunner.runInSequence(MethodRunner.java:50)
at org.testng.internal.invokers.TestInvoker$MethodInvocationAgent.invoke(TestInvoker.java:969)
at org.testng.internal.invokers.TestInvoker.invokeTestMethods(TestInvoker.java:194)
at org.testng.internal.invokers.TestMethodWorker.invokeTestMethods(TestMethodWorker.java:148)
at org.testng.internal.invokers.TestMethodWorker.run(TestMethodWorker.java:128)
at java.base/java.util.ArrayList.forEach(ArrayList.java:1511)
at org.testng.TestRunner.privateRun(TestRunner.java:829)
at org.testng.TestRunner.run(TestRunner.java:602)
at org.testng.SuiteRunner.runTest(SuiteRunner.java:437)
at org.testng.SuiteRunner.runSequentially(SuiteRunner.java:431)
at org.testng.SuiteRunner.privateRun(SuiteRunner.java:391)
at org.testng.SuiteRunner.run(SuiteRunner.java:330)
at org.testng.SuiteRunnerWorker.runSuite(SuiteRunnerWorker.java:52)
at org.testng.SuiteRunnerWorker.run(SuiteRunnerWorker.java:95)
at org.testng.TestNG.runSuitesSequentially(TestNG.java:1256)
at org.testng.TestNG.runSuitesLocally(TestNG.java:1176)
at org.testng.TestNG.runSuites(TestNG.java:1099)
at org.testng.TestNG.run(TestNG.java:1067)
at org.testng.remote.AbstractRemoteTestNG.run(AbstractRemoteTestNG.java:115)
at org.testng.remote.RemoteTestNG.initAndRun(RemoteTestNG.java:251)
at org.testng.remote.RemoteTestNG.main(RemoteTestNG.java:77)
]]>
    </failure>
  </testcase> <!-- @BeforeMethod beforeConfiguration -->
  <testcase classname="com.amazon.orgname.genericutilities.BaseClass" name="@AfterMethod afterConfiguration" time="0.0">
    <skipped/>
  </testcase> <!-- @AfterMethod afterConfiguration -->
  <testcase classname="com.amazon.orgname.genericutilities.BaseClass" name="@BeforeMethod beforeConfiguration" time="0.0">
    <skipped/>
  </testcase> <!-- @BeforeMethod beforeConfiguration -->
  <testcase classname="com.amazon.orgname.genericutilities.BaseClass" name="@AfterMethod afterConfiguration" time="0.0">
    <skipped/>
  </testcase> <!-- @AfterMethod afterConfiguration -->
  <testcase classname="com.amazon.orgname.genericutilities.BaseClass" name="@BeforeMethod beforeConfiguration" time="0.0">
    <skipped/>
  </testcase> <!-- @BeforeMethod beforeConfiguration -->
  <testcase classname="com.amazon.orgname.genericutilities.BaseClass" name="@AfterMethod afterConfiguration" time="0.0">
    <skipped/>
  </testcase> <!-- @AfterMethod afterConfiguration -->
  <testcase classname="com.amazon.orgname.genericutilities.BaseClass" name="@BeforeMethod beforeConfiguration" time="0.0">
    <skipped/>
  </testcase> <!-- @BeforeMethod beforeConfiguration -->
  <testcase classname="com.amazon.orgname.genericutilities.BaseClass" name="@AfterMethod afterConfiguration" time="0.0">
    <skipped/>
  </testcase> <!-- @AfterMethod afterConfiguration -->
  <testcase classname="com.amazon.orgname.genericutilities.BaseClass" name="@BeforeMethod beforeConfiguration" time="0.0">
    <skipped/>
  </testcase> <!-- @BeforeMethod beforeConfiguration -->
  <testcase classname="com.amazon.orgname.genericutilities.BaseClass" name="@AfterMethod afterConfiguration" time="0.0">
    <skipped/>
  </testcase> <!-- @AfterMethod afterConfiguration -->
  <testcase classname="amazontest.NavigationMenuTestCases" name="verifyHomePage" time="0.001">
    <skipped/>
  </testcase> <!-- verifyHomePage -->
  <testcase classname="amazontest.NavigationMenuTestCases" name="verifyTodaysDealNavigationMenuPage" time="0.0">
    <skipped/>
  </testcase> <!-- verifyTodaysDealNavigationMenuPage -->
  <testcase classname="amazontest.NavigationMenuTestCases" name="verifyCustomerServiceNavigationMenupage" time="0.0">
    <skipped/>
  </testcase> <!-- verifyCustomerServiceNavigationMenupage -->
  <testcase classname="amazontest.NavigationMenuTestCases" name="verifyRegistryNavigationMenu" time="0.0">
    <skipped/>
  </testcase> <!-- verifyRegistryNavigationMenu -->
  <testcase classname="amazontest.NavigationMenuTestCases" name="verifySellNavigationMenuPage" time="0.0">
    <skipped/>
  </testcase> <!-- verifySellNavigationMenuPage -->
</testsuite> <!-- Default test -->
