<?xml version="1.0" encoding="UTF-8"?>
<!-- Generated by org.testng.reporters.JUnitXMLReporter -->
<testsuite ignored="0" hostname="DESKTOP-PQ3SD9G" failures="0" tests="5" name="firefox1" time="212.81" errors="0" timestamp="2023-02-26T15:43:48 IST">
  <testcase classname="com.amazon.orgname.genericutilities.BaseClass" name="@AfterMethod afterConfiguration" time="25.951">
    <failure type="org.openqa.selenium.WebDriverException" message="Timed out waiting for driver server to stop.
Build info: version: &amp;apos;4.8.1&amp;apos;, revision: &amp;apos;8ebccac989&amp;apos;
System info: os.name: &amp;apos;Windows 10&amp;apos;, os.arch: &amp;apos;amd64&amp;apos;, os.version: &amp;apos;10.0&amp;apos;, java.version: &amp;apos;16.0.1&amp;apos;
Driver info: org.openqa.selenium.firefox.FirefoxDriver
Command: [5da02382-a6a8-4982-a6ef-6fb25ac488cb, quit {}]
Capabilities {acceptInsecureCerts: true, browserName: firefox, browserVersion: 84.0.2, moz:accessibilityChecks: false, moz:buildID: 20210105180113, moz:geckodriverVersion: 0.32.2, moz:headless: false, moz:processID: 8484, moz:profile: C:\Users\MOON\AppData\Local..., moz:shutdownTimeout: 60000, moz:useNonSpecCompliantPointerOrigin: false, moz:webdriverClick: true, pageLoadStrategy: normal, platformName: WINDOWS, platformVersion: 10.0, rotatable: false, setWindowRect: true, strictFileInteractability: false, timeouts: {implicit: 0, pageLoad: 300000, script: 30000}, unhandledPromptBehavior: dismiss and notify}
Session ID: 5da02382-a6a8-4982-a6ef-6fb25ac488cb">
      <![CDATA[org.openqa.selenium.WebDriverException: Timed out waiting for driver server to stop.
Build info: version: '4.8.1', revision: '8ebccac989'
System info: os.name: 'Windows 10', os.arch: 'amd64', os.version: '10.0', java.version: '16.0.1'
Driver info: org.openqa.selenium.firefox.FirefoxDriver
Command: [5da02382-a6a8-4982-a6ef-6fb25ac488cb, quit {}]
Capabilities {acceptInsecureCerts: true, browserName: firefox, browserVersion: 84.0.2, moz:accessibilityChecks: false, moz:buildID: 20210105180113, moz:geckodriverVersion: 0.32.2, moz:headless: false, moz:processID: 8484, moz:profile: C:\Users\MOON\AppData\Local..., moz:shutdownTimeout: 60000, moz:useNonSpecCompliantPointerOrigin: false, moz:webdriverClick: true, pageLoadStrategy: normal, platformName: WINDOWS, platformVersion: 10.0, rotatable: false, setWindowRect: true, strictFileInteractability: false, timeouts: {implicit: 0, pageLoad: 300000, script: 30000}, unhandledPromptBehavior: dismiss and notify}
Session ID: 5da02382-a6a8-4982-a6ef-6fb25ac488cb
at org.openqa.selenium.remote.service.DriverCommandExecutor.execute(DriverCommandExecutor.java:132)
at org.openqa.selenium.remote.RemoteWebDriver.execute(RemoteWebDriver.java:543)
at org.openqa.selenium.remote.RemoteWebDriver.execute(RemoteWebDriver.java:598)
at org.openqa.selenium.remote.RemoteWebDriver.execute(RemoteWebDriver.java:602)
at org.openqa.selenium.remote.RemoteWebDriver.quit(RemoteWebDriver.java:445)
at org.openqa.selenium.firefox.FirefoxDriver.quit(FirefoxDriver.java:323)
at com.amazon.orgname.genericutilities.BaseClass.afterConfiguration(BaseClass.java:42)
at java.base/java.util.ArrayList.forEach(ArrayList.java:1511)
at java.base/java.util.concurrent.FutureTask.run(FutureTask.java:264)
at java.base/java.util.concurrent.ThreadPoolExecutor.runWorker(ThreadPoolExecutor.java:1130)
at java.base/java.util.concurrent.ThreadPoolExecutor$Worker.run(ThreadPoolExecutor.java:630)
at java.base/java.lang.Thread.run(Thread.java:831)
Caused by: java.util.concurrent.ExecutionException: org.openqa.selenium.TimeoutException: Process timed out after waiting for 20000 ms.
Build info: version: '4.8.1', revision: '8ebccac989'
System info: os.name: 'Windows 10', os.arch: 'amd64', os.version: '10.0', java.version: '16.0.1'
Driver info: driver.version: unknown
at java.base/java.util.concurrent.CompletableFuture.reportGet(CompletableFuture.java:395)
at java.base/java.util.concurrent.CompletableFuture.get(CompletableFuture.java:2092)
at org.openqa.selenium.remote.service.DriverCommandExecutor.execute(DriverCommandExecutor.java:128)
... 33 more
Caused by: org.openqa.selenium.TimeoutException: Process timed out after waiting for 20000 ms.
Build info: version: '4.8.1', revision: '8ebccac989'
System info: os.name: 'Windows 10', os.arch: 'amd64', os.version: '10.0', java.version: '16.0.1'
Driver info: driver.version: unknown
at org.openqa.selenium.os.OsProcess.waitFor(OsProcess.java:181)
at org.openqa.selenium.os.CommandLine.waitFor(CommandLine.java:119)
at org.openqa.selenium.remote.service.DriverCommandExecutor.lambda$execute$2(DriverCommandExecutor.java:122)
at java.base/java.util.concurrent.CompletableFuture$AsyncSupply.run(CompletableFuture.java:1764)
... 3 more
... Removed 22 stack frames]]>
    </failure>
  </testcase> <!-- @AfterMethod afterConfiguration -->
  <testcase classname="com.amazon.orgname.genericutilities.BaseClass" name="@BeforeMethod beforeConfiguration" time="0.0">
    <skipped/>
  </testcase> <!-- @BeforeMethod beforeConfiguration -->
  <testcase classname="com.amazon.orgname.genericutilities.BaseClass" name="@AfterMethod afterConfiguration" time="0.0">
    <skipped/>
  </testcase> <!-- @AfterMethod afterConfiguration -->
  <testcase classname="com.amazon.orgname.genericutilities.BaseClass" name="@BeforeMethod beforeConfiguration" time="0.0">
    <skipped/>
  </testcase> <!-- @BeforeMethod beforeConfiguration -->
  <testcase classname="com.amazon.orgname.genericutilities.BaseClass" name="@AfterMethod afterConfiguration" time="0.0">
    <skipped/>
  </testcase> <!-- @AfterMethod afterConfiguration -->
  <testcase classname="amazontest.NavigationMenuTestCases" name="verifyHomePage" time="37.832"/>
  <testcase classname="amazontest.NavigationMenuTestCases" name="verifyTodaysDealNavigationMenuPage" time="10.436"/>
  <testcase classname="amazontest.NavigationMenuTestCases" name="verifyCustomerServiceNavigationMenupage" time="3.636"/>
  <testcase classname="amazontest.NavigationMenuTestCases" name="verifyRegistryNavigationMenu" time="0.0">
    <skipped/>
  </testcase> <!-- verifyRegistryNavigationMenu -->
  <testcase classname="amazontest.NavigationMenuTestCases" name="verifySellNavigationMenuPage" time="0.0">
    <skipped/>
  </testcase> <!-- verifySellNavigationMenuPage -->
</testsuite> <!-- firefox1 -->
