<?xml version="1.0" encoding="UTF-8"?>
<!-- Generated by org.testng.reporters.JUnitXMLReporter -->
<testsuite ignored="0" hostname="DESKTOP-PQ3SD9G" failures="0" tests="5" name="firefoxtest" time="280.224" errors="0" timestamp="2023-03-10T21:29:37 IST">
  <testcase classname="com.amazon.orgname.genericutilities.BaseClass" name="@BeforeMethod beforeConfiguration" time="123.238">
    <failure type="org.openqa.selenium.SessionNotCreatedException" message="Could not start a new session. Response code 500. Message: No connection could be made because the target machine actively refused it. (os error 10061) 
Host info: host: &amp;apos;DESKTOP-PQ3SD9G&amp;apos;, ip: &amp;apos;192.168.17.1&amp;apos;
Build info: version: &amp;apos;4.8.1&amp;apos;, revision: &amp;apos;8ebccac989&amp;apos;
System info: os.name: &amp;apos;Windows 10&amp;apos;, os.arch: &amp;apos;amd64&amp;apos;, os.version: &amp;apos;10.0&amp;apos;, java.version: &amp;apos;18.0.2&amp;apos;
Driver info: org.openqa.selenium.firefox.FirefoxDriver
Command: [null, newSession {capabilities=[Capabilities {acceptInsecureCerts: true, browserName: firefox, moz:debuggerAddress: true, moz:firefoxOptions: {}}], desiredCapabilities=Capabilities {acceptInsecureCerts: true, browserName: firefox, moz:debuggerAddress: true, moz:firefoxOptions: {}}}]">
      <![CDATA[org.openqa.selenium.SessionNotCreatedException: Could not start a new session. Response code 500. Message: No connection could be made because the target machine actively refused it. (os error 10061) 
Host info: host: 'DESKTOP-PQ3SD9G', ip: '192.168.17.1'
Build info: version: '4.8.1', revision: '8ebccac989'
System info: os.name: 'Windows 10', os.arch: 'amd64', os.version: '10.0', java.version: '18.0.2'
Driver info: org.openqa.selenium.firefox.FirefoxDriver
Command: [null, newSession {capabilities=[Capabilities {acceptInsecureCerts: true, browserName: firefox, moz:debuggerAddress: true, moz:firefoxOptions: {}}], desiredCapabilities=Capabilities {acceptInsecureCerts: true, browserName: firefox, moz:debuggerAddress: true, moz:firefoxOptions: {}}}]
at org.openqa.selenium.remote.ProtocolHandshake.createSession(ProtocolHandshake.java:148)
at org.openqa.selenium.remote.ProtocolHandshake.createSession(ProtocolHandshake.java:106)
at org.openqa.selenium.remote.ProtocolHandshake.createSession(ProtocolHandshake.java:67)
at org.openqa.selenium.remote.HttpCommandExecutor.execute(HttpCommandExecutor.java:156)
at org.openqa.selenium.remote.service.DriverCommandExecutor.invokeExecute(DriverCommandExecutor.java:167)
at org.openqa.selenium.remote.service.DriverCommandExecutor.execute(DriverCommandExecutor.java:142)
at org.openqa.selenium.remote.RemoteWebDriver.execute(RemoteWebDriver.java:543)
at org.openqa.selenium.remote.RemoteWebDriver.startSession(RemoteWebDriver.java:229)
at org.openqa.selenium.remote.RemoteWebDriver.<init>(RemoteWebDriver.java:157)
at org.openqa.selenium.firefox.FirefoxDriver.<init>(FirefoxDriver.java:130)
at org.openqa.selenium.firefox.FirefoxDriver.<init>(FirefoxDriver.java:111)
at org.openqa.selenium.firefox.FirefoxDriver.<init>(FirefoxDriver.java:101)
at com.amazon.orgname.genericutilities.BaseClass.beforeConfiguration(BaseClass.java:33)
at java.base/java.util.ArrayList.forEach(ArrayList.java:1511)
... Removed 33 stack frames]]>
    </failure>
  </testcase> <!-- @BeforeMethod beforeConfiguration -->
  <testcase classname="com.amazon.orgname.genericutilities.BaseClass" name="@AfterMethod afterConfiguration" time="0.0">
    <skipped/>
  </testcase> <!-- @AfterMethod afterConfiguration -->
  <testcase classname="com.amazon.orgname.genericutilities.BaseClass" name="@BeforeMethod beforeConfiguration" time="0.0">
    <skipped/>
  </testcase> <!-- @BeforeMethod beforeConfiguration -->
  <testcase classname="com.amazon.orgname.genericutilities.BaseClass" name="@AfterMethod afterConfiguration" time="0.0">
    <skipped/>
  </testcase> <!-- @AfterMethod afterConfiguration -->
  <testcase classname="com.amazon.orgname.genericutilities.BaseClass" name="@BeforeMethod beforeConfiguration" time="0.0">
    <skipped/>
  </testcase> <!-- @BeforeMethod beforeConfiguration -->
  <testcase classname="com.amazon.orgname.genericutilities.BaseClass" name="@AfterMethod afterConfiguration" time="0.0">
    <skipped/>
  </testcase> <!-- @AfterMethod afterConfiguration -->
  <testcase classname="com.amazon.orgname.genericutilities.BaseClass" name="@BeforeMethod beforeConfiguration" time="0.0">
    <skipped/>
  </testcase> <!-- @BeforeMethod beforeConfiguration -->
  <testcase classname="com.amazon.orgname.genericutilities.BaseClass" name="@AfterMethod afterConfiguration" time="0.0">
    <skipped/>
  </testcase> <!-- @AfterMethod afterConfiguration -->
  <testcase classname="amazontest.NavigationMenuTestCases" name="verifyHomePage" time="19.896"/>
  <testcase classname="amazontest.NavigationMenuTestCases" name="verifyTodaysDealNavigationMenuPage" time="0.0">
    <skipped/>
  </testcase> <!-- verifyTodaysDealNavigationMenuPage -->
  <testcase classname="amazontest.NavigationMenuTestCases" name="verifyCustomerServiceNavigationMenupage" time="0.001">
    <skipped/>
  </testcase> <!-- verifyCustomerServiceNavigationMenupage -->
  <testcase classname="amazontest.NavigationMenuTestCases" name="verifyRegistryNavigationMenu" time="0.0">
    <skipped/>
  </testcase> <!-- verifyRegistryNavigationMenu -->
  <testcase classname="amazontest.NavigationMenuTestCases" name="verifySellNavigationMenuPage" time="0.0">
    <skipped/>
  </testcase> <!-- verifySellNavigationMenuPage -->
</testsuite> <!-- firefoxtest -->
